<?xml version="1.0" encoding="UTF-8"?>
<!-- Generated by org.testng.reporters.JUnitXMLReporter -->
<testsuite ignored="3" hostname="DESKTOP-PVL83NM" failures="0" tests="7" name="Default test" time="25.891" errors="0" timestamp="٢٠٢٦-٠٢-١٦T٠٨:٤٧:٠٧ EET">
  <testcase classname="TestWebsite.TestCases" name="Login" time="1.208"/>
  <testcase classname="TestWebsite.TestCases" name="AddToCart" time="4.091"/>
  <testcase classname="TestWebsite.TestCases" name="AddToCart" time="3.213"/>
  <testcase classname="TestWebsite.TestCases" name="AddToCart" time="3.493"/>
  <testcase classname="TestWebsite.TestCases" name="AddToCart" time="3.727"/>
  <testcase classname="TestWebsite.TestCases" name="AddToCart" time="3.725"/>
  <testcase classname="TestWebsite.TestCases" name="ChangeQuantityAndCheckTotal" time="4.497"/>
  <testcase classname="TestWebsite.TestCases" name="RemoveFromCart" time="0.0">
    <ignored/>
  </testcase> <!-- RemoveFromCart -->
  <testcase classname="TestWebsite.TestCases" name="LogOff" time="0.0">
    <ignored/>
  </testcase> <!-- LogOff -->
  <testcase classname="TestWebsite.TestCases" name="Signup" time="0.0">
    <ignored/>
  </testcase> <!-- Signup -->
</testsuite> <!-- Default test -->
