<?xml version="1.0" encoding="UTF-8"?>
<!-- Generated by org.testng.reporters.JUnitReportReporter -->
<testsuite hostname="DESKTOP-PVL83NM" failures="0" tests="10" name="TestWebsite.TestCases" time="٢٣.٩٥٤" errors="0" timestamp="٢٠٢٦-٠٢-١٦T٠٨:٤٧:٠٧ EET" skipped="3">
  <testcase classname="TestWebsite.TestCases" name="Login" time="١.٢٠٨"/>
  <testcase classname="TestWebsite.TestCases" name="AddToCart" time="٤.٠٩١"/>
  <testcase classname="TestWebsite.TestCases" name="AddToCart" time="٣.٧٢٥"/>
  <testcase classname="TestWebsite.TestCases" name="AddToCart" time="٣.٢١٣"/>
  <testcase classname="TestWebsite.TestCases" name="AddToCart" time="٣.٧٢٧"/>
  <testcase classname="TestWebsite.TestCases" name="AddToCart" time="٣.٤٩٣"/>
  <testcase classname="TestWebsite.TestCases" name="ChangeQuantityAndCheckTotal" time="٤.٤٩٧"/>
  <testcase classname="TestWebsite.TestCases" name="RemoveFromCart">
    <skipped/>
  </testcase> <!-- RemoveFromCart -->
  <testcase classname="TestWebsite.TestCases" name="LogOff">
    <skipped/>
  </testcase> <!-- LogOff -->
  <testcase classname="TestWebsite.TestCases" name="Signup">
    <skipped/>
  </testcase> <!-- Signup -->
</testsuite> <!-- TestWebsite.TestCases -->
